This file contains any messages produced by compilers while
running configure, to aid debugging if configure makes a mistake.

It was created by project configure 0.1, which was
generated by GNU Autoconf 2.69.  Invocation command line was

  $ ./configure 

## --------- ##
## Platform. ##
## --------- ##

hostname = BlackBox
uname -m = x86_64
uname -r = 3.10.13-101.fc18.x86_64
uname -s = Linux
uname -v = #1 SMP Fri Sep 27 20:22:12 UTC 2013

/usr/bin/uname -p = x86_64
/bin/uname -X     = unknown

/bin/arch              = x86_64
/usr/bin/arch -k       = unknown
/usr/convex/getsysinfo = unknown
/usr/bin/hostinfo      = unknown
/bin/machine           = unknown
/usr/bin/oslevel       = unknown
/bin/universe          = unknown

PATH: /opt/OpenPrinting-Gutenprint/sbin
PATH: /opt/OpenPrinting-Gutenprint/bin
PATH: /home/evan/.local/bin
PATH: /home/evan/bin
PATH: /usr/lib64/qt-3.3/bin
PATH: /opt/OpenPrinting-Gutenprint/sbin
PATH: /opt/OpenPrinting-Gutenprint/bin
PATH: /usr/lib64/ccache
PATH: /usr/libexec/lightdm
PATH: /usr/local/bin
PATH: /usr/bin
PATH: /bin
PATH: /usr/local/sbin
PATH: /usr/sbin
PATH: /usr/local/MATLAB/R2013a/bin
PATH: /usr/local/bin


## ----------- ##
## Core tests. ##
## ----------- ##

configure:2156: checking for a BSD-compatible install
configure:2224: result: /usr/bin/install -c
configure:2235: checking whether build environment is sane
configure:2290: result: yes
configure:2441: checking for a thread-safe mkdir -p
configure:2480: result: /usr/bin/mkdir -p
configure:2487: checking for gawk
configure:2503: found /usr/bin/gawk
configure:2514: result: gawk
configure:2525: checking whether make sets $(MAKE)
configure:2547: result: yes
configure:2682: checking for gcc
configure:2698: found /usr/lib64/ccache/gcc
configure:2709: result: gcc
configure:2938: checking for C compiler version
configure:2947: gcc --version >&5
gcc (GCC) 4.7.2 20121109 (Red Hat 4.7.2-8)
Copyright (C) 2012 Free Software Foundation, Inc.
This is free software; see the source for copying conditions.  There is NO
warranty; not even for MERCHANTABILITY or FITNESS FOR A PARTICULAR PURPOSE.

configure:2958: $? = 0
configure:2947: gcc -v >&5
Using built-in specs.
COLLECT_GCC=/usr/bin/gcc
COLLECT_LTO_WRAPPER=/usr/libexec/gcc/x86_64-redhat-linux/4.7.2/lto-wrapper
Target: x86_64-redhat-linux
Configured with: ../configure --prefix=/usr --mandir=/usr/share/man --infodir=/usr/share/info --with-bugurl=http://bugzilla.redhat.com/bugzilla --enable-bootstrap --enable-shared --enable-threads=posix --enable-checking=release --disable-build-with-cxx --disable-build-poststage1-with-cxx --with-system-zlib --enable-__cxa_atexit --disable-libunwind-exceptions --enable-gnu-unique-object --enable-linker-build-id --with-linker-hash-style=gnu --enable-languages=c,c++,objc,obj-c++,java,fortran,ada,go,lto --enable-plugin --enable-initfini-array --enable-java-awt=gtk --disable-dssi --with-java-home=/usr/lib/jvm/java-1.5.0-gcj-1.5.0.0/jre --enable-libgcj-multifile --enable-java-maintainer-mode --with-ecj-jar=/usr/share/java/eclipse-ecj.jar --disable-libjava-multilib --with-ppl --with-cloog --with-tune=generic --with-arch_32=i686 --build=x86_64-redhat-linux
Thread model: posix
gcc version 4.7.2 20121109 (Red Hat 4.7.2-8) (GCC) 
configure:2958: $? = 0
configure:2947: gcc -V >&5
gcc: error: unrecognized command line option '-V'
gcc: fatal error: no input files
compilation terminated.
configure:2958: $? = 4
configure:2947: gcc -qversion >&5
gcc: error: unrecognized command line option '-qversion'
gcc: fatal error: no input files
compilation terminated.
configure:2958: $? = 4
configure:2978: checking whether the C compiler works
configure:3000: gcc    conftest.c  >&5
configure:3004: $? = 0
configure:3052: result: yes
configure:3055: checking for C compiler default output file name
configure:3057: result: a.out
configure:3063: checking for suffix of executables
configure:3070: gcc -o conftest    conftest.c  >&5
configure:3074: $? = 0
configure:3096: result: 
configure:3118: checking whether we are cross compiling
configure:3126: gcc -o conftest    conftest.c  >&5
configure:3130: $? = 0
configure:3137: ./conftest
configure:3141: $? = 0
configure:3156: result: no
configure:3161: checking for suffix of object files
configure:3183: gcc -c   conftest.c >&5
configure:3187: $? = 0
configure:3208: result: o
configure:3212: checking whether we are using the GNU C compiler
configure:3231: gcc -c   conftest.c >&5
configure:3231: $? = 0
configure:3240: result: yes
configure:3249: checking whether gcc accepts -g
configure:3269: gcc -c -g  conftest.c >&5
configure:3269: $? = 0
configure:3310: result: yes
configure:3327: checking for gcc option to accept ISO C89
configure:3390: gcc  -c -g -O2  conftest.c >&5
configure:3390: $? = 0
configure:3403: result: none needed
configure:3434: checking for style of include used by make
configure:3462: result: GNU
configure:3488: checking dependency style of gcc
configure:3599: result: gcc3
configure:3616: checking whether gcc and cc understand -c and -o together
configure:3647: gcc -c conftest.c -o conftest2.o >&5
configure:3651: $? = 0
configure:3657: gcc -c conftest.c -o conftest2.o >&5
configure:3661: $? = 0
configure:3672: cc -c conftest.c >&5
configure:3676: $? = 0
configure:3684: cc -c conftest.c -o conftest2.o >&5
configure:3688: $? = 0
configure:3694: cc -c conftest.c -o conftest2.o >&5
configure:3698: $? = 0
configure:3716: result: yes
configure:3771: checking build system type
configure:3785: result: x86_64-unknown-linux-gnu
configure:3805: checking host system type
configure:3818: result: x86_64-unknown-linux-gnu
configure:3859: checking how to print strings
configure:3886: result: printf
configure:3907: checking for a sed that does not truncate output
configure:3971: result: /usr/bin/sed
configure:3989: checking for grep that handles long lines and -e
configure:4047: result: /usr/bin/grep
configure:4052: checking for egrep
configure:4114: result: /usr/bin/grep -E
configure:4119: checking for fgrep
configure:4181: result: /usr/bin/grep -F
configure:4216: checking for ld used by gcc
configure:4283: result: /usr/bin/ld
configure:4290: checking if the linker (/usr/bin/ld) is GNU ld
configure:4305: result: yes
configure:4317: checking for BSD- or MS-compatible name lister (nm)
configure:4366: result: /usr/bin/nm -B
configure:4496: checking the name lister (/usr/bin/nm -B) interface
configure:4503: gcc -c -g -O2  conftest.c >&5
configure:4506: /usr/bin/nm -B "conftest.o"
configure:4509: output
0000000000000000 B some_variable
configure:4516: result: BSD nm
configure:4519: checking whether ln -s works
configure:4523: result: yes
configure:4531: checking the maximum length of command line arguments
configure:4661: result: 1572864
configure:4678: checking whether the shell understands some XSI constructs
configure:4688: result: yes
configure:4692: checking whether the shell understands "+="
configure:4698: result: yes
configure:4733: checking how to convert x86_64-unknown-linux-gnu file names to x86_64-unknown-linux-gnu format
configure:4773: result: func_convert_file_noop
configure:4780: checking how to convert x86_64-unknown-linux-gnu file names to toolchain format
configure:4800: result: func_convert_file_noop
configure:4807: checking for /usr/bin/ld option to reload object files
configure:4814: result: -r
configure:4888: checking for objdump
configure:4904: found /usr/bin/objdump
configure:4915: result: objdump
configure:4947: checking how to recognize dependent libraries
configure:5149: result: pass_all
configure:5234: checking for dlltool
configure:5264: result: no
configure:5294: checking how to associate runtime and link libraries
configure:5321: result: printf %s\n
configure:5382: checking for ar
configure:5398: found /usr/bin/ar
configure:5409: result: ar
configure:5446: checking for archiver @FILE support
configure:5463: gcc -c -g -O2  conftest.c >&5
configure:5463: $? = 0
configure:5466: ar cru libconftest.a @conftest.lst >&5
configure:5469: $? = 0
configure:5474: ar cru libconftest.a @conftest.lst >&5
ar: conftest.o: No such file or directory
configure:5477: $? = 1
configure:5489: result: @
configure:5547: checking for strip
configure:5563: found /usr/bin/strip
configure:5574: result: strip
configure:5646: checking for ranlib
configure:5662: found /usr/bin/ranlib
configure:5673: result: ranlib
configure:5775: checking command to parse /usr/bin/nm -B output from gcc object
configure:5895: gcc -c -g -O2  conftest.c >&5
configure:5898: $? = 0
configure:5902: /usr/bin/nm -B conftest.o \| sed -n -e 's/^.*[ ]\([ABCDGIRSTW][ABCDGIRSTW]*\)[ ][ ]*\([_A-Za-z][_A-Za-z0-9]*\)$/\1 \2 \2/p' | sed '/ __gnu_lto/d' \> conftest.nm
configure:5905: $? = 0
configure:5971: gcc -o conftest -g -O2   conftest.c conftstm.o >&5
configure:5974: $? = 0
configure:6012: result: ok
configure:6049: checking for sysroot
configure:6079: result: no
configure:6156: gcc -c -g -O2  conftest.c >&5
configure:6159: $? = 0
configure:6335: checking for mt
configure:6365: result: no
configure:6385: checking if : is a manifest tool
configure:6391: : '-?'
configure:6399: result: no
configure:7041: checking how to run the C preprocessor
configure:7072: gcc -E  conftest.c
configure:7072: $? = 0
configure:7086: gcc -E  conftest.c
conftest.c:11:28: fatal error: ac_nonexistent.h: No such file or directory
compilation terminated.
configure:7086: $? = 1
configure: failed program was:
| /* confdefs.h */
| #define PACKAGE_NAME "project"
| #define PACKAGE_TARNAME "project"
| #define PACKAGE_VERSION "0.1"
| #define PACKAGE_STRING "project 0.1"
| #define PACKAGE_BUGREPORT "name@domain.com"
| #define PACKAGE_URL ""
| #define PACKAGE "project"
| #define VERSION "0.1"
| /* end confdefs.h.  */
| #include <ac_nonexistent.h>
configure:7111: result: gcc -E
configure:7131: gcc -E  conftest.c
configure:7131: $? = 0
configure:7145: gcc -E  conftest.c
conftest.c:11:28: fatal error: ac_nonexistent.h: No such file or directory
compilation terminated.
configure:7145: $? = 1
configure: failed program was:
| /* confdefs.h */
| #define PACKAGE_NAME "project"
| #define PACKAGE_TARNAME "project"
| #define PACKAGE_VERSION "0.1"
| #define PACKAGE_STRING "project 0.1"
| #define PACKAGE_BUGREPORT "name@domain.com"
| #define PACKAGE_URL ""
| #define PACKAGE "project"
| #define VERSION "0.1"
| /* end confdefs.h.  */
| #include <ac_nonexistent.h>
configure:7174: checking for ANSI C header files
configure:7194: gcc -c -g -O2  conftest.c >&5
configure:7194: $? = 0
configure:7267: gcc -o conftest -g -O2   conftest.c  >&5
configure:7267: $? = 0
configure:7267: ./conftest
configure:7267: $? = 0
configure:7278: result: yes
configure:7291: checking for sys/types.h
configure:7291: gcc -c -g -O2  conftest.c >&5
configure:7291: $? = 0
configure:7291: result: yes
configure:7291: checking for sys/stat.h
configure:7291: gcc -c -g -O2  conftest.c >&5
configure:7291: $? = 0
configure:7291: result: yes
configure:7291: checking for stdlib.h
configure:7291: gcc -c -g -O2  conftest.c >&5
configure:7291: $? = 0
configure:7291: result: yes
configure:7291: checking for string.h
configure:7291: gcc -c -g -O2  conftest.c >&5
configure:7291: $? = 0
configure:7291: result: yes
configure:7291: checking for memory.h
configure:7291: gcc -c -g -O2  conftest.c >&5
configure:7291: $? = 0
configure:7291: result: yes
configure:7291: checking for strings.h
configure:7291: gcc -c -g -O2  conftest.c >&5
configure:7291: $? = 0
configure:7291: result: yes
configure:7291: checking for inttypes.h
configure:7291: gcc -c -g -O2  conftest.c >&5
configure:7291: $? = 0
configure:7291: result: yes
configure:7291: checking for stdint.h
configure:7291: gcc -c -g -O2  conftest.c >&5
configure:7291: $? = 0
configure:7291: result: yes
configure:7291: checking for unistd.h
configure:7291: gcc -c -g -O2  conftest.c >&5
configure:7291: $? = 0
configure:7291: result: yes
configure:7305: checking for dlfcn.h
configure:7305: gcc -c -g -O2  conftest.c >&5
configure:7305: $? = 0
configure:7305: result: yes
configure:7511: checking for objdir
configure:7526: result: .libs
configure:7793: checking if gcc supports -fno-rtti -fno-exceptions
configure:7811: gcc -c -g -O2  -fno-rtti -fno-exceptions conftest.c >&5
cc1: warning: command line option '-fno-rtti' is valid for C++/ObjC++ but not for C [enabled by default]
cc1: warning: command line option '-fno-rtti' is valid for C++/ObjC++ but not for C [enabled by default]
configure:7815: $? = 0
configure:7828: result: no
configure:8155: checking for gcc option to produce PIC
configure:8162: result: -fPIC -DPIC
configure:8170: checking if gcc PIC flag -fPIC -DPIC works
configure:8188: gcc -c -g -O2  -fPIC -DPIC -DPIC conftest.c >&5
configure:8192: $? = 0
configure:8205: result: yes
configure:8234: checking if gcc static flag -static works
configure:8262: result: no
configure:8277: checking if gcc supports -c -o file.o
configure:8298: gcc -c -g -O2  -o out/conftest2.o conftest.c >&5
configure:8302: $? = 0
configure:8324: result: yes
configure:8332: checking if gcc supports -c -o file.o
configure:8379: result: yes
configure:8412: checking whether the gcc linker (/usr/bin/ld -m elf_x86_64) supports shared libraries
configure:9565: result: yes
configure:9602: checking whether -lc should be explicitly linked in
configure:9610: gcc -c -g -O2  conftest.c >&5
configure:9613: $? = 0
configure:9628: gcc -shared  -fPIC -DPIC conftest.o  -v -Wl,-soname -Wl,conftest -o conftest 2\>\&1 \| /usr/bin/grep  -lc  \>/dev/null 2\>\&1
configure:9631: $? = 0
configure:9645: result: no
configure:9805: checking dynamic linker characteristics
configure:10316: gcc -o conftest -g -O2   -Wl,-rpath -Wl,/foo conftest.c  >&5
configure:10316: $? = 0
configure:10542: result: GNU/Linux ld.so
configure:10649: checking how to hardcode library paths into programs
configure:10674: result: immediate
configure:11214: checking whether stripping libraries is possible
configure:11219: result: yes
configure:11254: checking if libtool supports shared libraries
configure:11256: result: yes
configure:11259: checking whether to build shared libraries
configure:11280: result: yes
configure:11283: checking whether to build static libraries
configure:11287: result: yes
configure:11347: checking for pkg-config
configure:11365: found /usr/bin/pkg-config
configure:11378: result: /usr/bin/pkg-config
configure:11400: checking for GTK+ - version >= 2.10.0
configure:11510: gcc -o conftest -g -O2 -pthread -I/usr/include/gtk-2.0 -I/usr/lib64/gtk-2.0/include -I/usr/include/atk-1.0 -I/usr/include/cairo -I/usr/include/gdk-pixbuf-2.0 -I/usr/include/pango-1.0 -I/usr/include/glib-2.0 -I/usr/lib64/glib-2.0/include -I/usr/include/pixman-1 -I/usr/include/freetype2 -I/usr/include/libpng15 -I/usr/include/libdrm -I/usr/include/harfbuzz     conftest.c -lgtk-x11-2.0 -lgdk-x11-2.0 -latk-1.0 -lgio-2.0 -lpangoft2-1.0 -lpangocairo-1.0 -lgdk_pixbuf-2.0 -lcairo -lpango-1.0 -lfreetype -lfontconfig -lgobject-2.0 -lglib-2.0    >&5
configure:11510: $? = 0
configure:11510: ./conftest
configure:11510: $? = 0
configure:11524: result: yes (version 2.24.19)
configure:11698: checking that generated files are newer than configure
configure:11704: result: done
configure:11727: creating ./config.status

## ---------------------- ##
## Running config.status. ##
## ---------------------- ##

This file was extended by project config.status 0.1, which was
generated by GNU Autoconf 2.69.  Invocation command line was

  CONFIG_FILES    = 
  CONFIG_HEADERS  = 
  CONFIG_LINKS    = 
  CONFIG_COMMANDS = 
  $ ./config.status 

on BlackBox

config.status:1084: creating Makefile
config.status:1084: creating src/Makefile
config.status:1084: creating tests/Makefile
config.status:1084: creating config.h
config.status:1265: config.h is unchanged
config.status:1313: executing depfiles commands
config.status:1313: executing libtool commands

## ---------------- ##
## Cache variables. ##
## ---------------- ##

ac_cv_build=x86_64-unknown-linux-gnu
ac_cv_c_compiler_gnu=yes
ac_cv_env_CC_set=
ac_cv_env_CC_value=
ac_cv_env_CFLAGS_set=
ac_cv_env_CFLAGS_value=
ac_cv_env_CPPFLAGS_set=
ac_cv_env_CPPFLAGS_value=
ac_cv_env_CPP_set=
ac_cv_env_CPP_value=
ac_cv_env_LDFLAGS_set=
ac_cv_env_LDFLAGS_value=
ac_cv_env_LIBS_set=
ac_cv_env_LIBS_value=
ac_cv_env_build_alias_set=
ac_cv_env_build_alias_value=
ac_cv_env_host_alias_set=
ac_cv_env_host_alias_value=
ac_cv_env_target_alias_set=
ac_cv_env_target_alias_value=
ac_cv_header_dlfcn_h=yes
ac_cv_header_inttypes_h=yes
ac_cv_header_memory_h=yes
ac_cv_header_stdc=yes
ac_cv_header_stdint_h=yes
ac_cv_header_stdlib_h=yes
ac_cv_header_string_h=yes
ac_cv_header_strings_h=yes
ac_cv_header_sys_stat_h=yes
ac_cv_header_sys_types_h=yes
ac_cv_header_unistd_h=yes
ac_cv_host=x86_64-unknown-linux-gnu
ac_cv_objext=o
ac_cv_path_EGREP='/usr/bin/grep -E'
ac_cv_path_FGREP='/usr/bin/grep -F'
ac_cv_path_GREP=/usr/bin/grep
ac_cv_path_PKG_CONFIG=/usr/bin/pkg-config
ac_cv_path_SED=/usr/bin/sed
ac_cv_path_install='/usr/bin/install -c'
ac_cv_path_mkdir=/usr/bin/mkdir
ac_cv_prog_AWK=gawk
ac_cv_prog_CPP='gcc -E'
ac_cv_prog_ac_ct_AR=ar
ac_cv_prog_ac_ct_CC=gcc
ac_cv_prog_ac_ct_OBJDUMP=objdump
ac_cv_prog_ac_ct_RANLIB=ranlib
ac_cv_prog_ac_ct_STRIP=strip
ac_cv_prog_cc_c89=
ac_cv_prog_cc_g=yes
ac_cv_prog_cc_gcc_c_o=yes
ac_cv_prog_make_make_set=yes
am_cv_CC_dependencies_compiler_type=gcc3
lt_cv_ar_at_file=@
lt_cv_archive_cmds_need_lc=no
lt_cv_deplibs_check_method=pass_all
lt_cv_file_magic_cmd='$MAGIC_CMD'
lt_cv_file_magic_test_file=
lt_cv_ld_reload_flag=-r
lt_cv_nm_interface='BSD nm'
lt_cv_objdir=.libs
lt_cv_path_LD=/usr/bin/ld
lt_cv_path_NM='/usr/bin/nm -B'
lt_cv_path_mainfest_tool=no
lt_cv_prog_compiler_c_o=yes
lt_cv_prog_compiler_pic='-fPIC -DPIC'
lt_cv_prog_compiler_pic_works=yes
lt_cv_prog_compiler_rtti_exceptions=no
lt_cv_prog_compiler_static_works=no
lt_cv_prog_gnu_ld=yes
lt_cv_sharedlib_from_linklib_cmd='printf %s\n'
lt_cv_shlibpath_overrides_runpath=no
lt_cv_sys_global_symbol_pipe='sed -n -e '\''s/^.*[	 ]\([ABCDGIRSTW][ABCDGIRSTW]*\)[	 ][	 ]*\([_A-Za-z][_A-Za-z0-9]*\)$/\1 \2 \2/p'\'' | sed '\''/ __gnu_lto/d'\'''
lt_cv_sys_global_symbol_to_c_name_address='sed -n -e '\''s/^: \([^ ]*\)[ ]*$/  {\"\1\", (void *) 0},/p'\'' -e '\''s/^[ABCDGIRSTW]* \([^ ]*\) \([^ ]*\)$/  {"\2", (void *) \&\2},/p'\'''
lt_cv_sys_global_symbol_to_c_name_address_lib_prefix='sed -n -e '\''s/^: \([^ ]*\)[ ]*$/  {\"\1\", (void *) 0},/p'\'' -e '\''s/^[ABCDGIRSTW]* \([^ ]*\) \(lib[^ ]*\)$/  {"\2", (void *) \&\2},/p'\'' -e '\''s/^[ABCDGIRSTW]* \([^ ]*\) \([^ ]*\)$/  {"lib\2", (void *) \&\2},/p'\'''
lt_cv_sys_global_symbol_to_cdecl='sed -n -e '\''s/^T .* \(.*\)$/extern int \1();/p'\'' -e '\''s/^[ABCDGIRSTW]* .* \(.*\)$/extern char \1;/p'\'''
lt_cv_sys_max_cmd_len=1572864
lt_cv_to_host_file_cmd=func_convert_file_noop
lt_cv_to_tool_file_cmd=func_convert_file_noop

## ----------------- ##
## Output variables. ##
## ----------------- ##

ACLOCAL='${SHELL} /home/evan/git/PlugMeeting/team2/build-aux/missing --run aclocal-1.12'
AMDEPBACKSLASH='\'
AMDEP_FALSE='#'
AMDEP_TRUE=''
AMTAR='$${TAR-tar}'
AR='ar'
AUTOCONF='${SHELL} /home/evan/git/PlugMeeting/team2/build-aux/missing --run autoconf'
AUTOHEADER='${SHELL} /home/evan/git/PlugMeeting/team2/build-aux/missing --run autoheader'
AUTOMAKE='${SHELL} /home/evan/git/PlugMeeting/team2/build-aux/missing --run automake-1.12'
AWK='gawk'
CC='gcc'
CCDEPMODE='depmode=gcc3'
CFLAGS='-g -O2'
CPP='gcc -E'
CPPFLAGS=''
CYGPATH_W='echo'
DEFS='-DHAVE_CONFIG_H'
DEPDIR='.deps'
DLLTOOL='false'
DSYMUTIL=''
DUMPBIN=''
ECHO_C=''
ECHO_N='-n'
ECHO_T=''
EGREP='/usr/bin/grep -E'
EXEEXT=''
FGREP='/usr/bin/grep -F'
GREP='/usr/bin/grep'
GTK_CFLAGS='-pthread -I/usr/include/gtk-2.0 -I/usr/lib64/gtk-2.0/include -I/usr/include/atk-1.0 -I/usr/include/cairo -I/usr/include/gdk-pixbuf-2.0 -I/usr/include/pango-1.0 -I/usr/include/glib-2.0 -I/usr/lib64/glib-2.0/include -I/usr/include/pixman-1 -I/usr/include/freetype2 -I/usr/include/libpng15 -I/usr/include/libdrm -I/usr/include/harfbuzz  '
GTK_LIBS='-lgtk-x11-2.0 -lgdk-x11-2.0 -latk-1.0 -lgio-2.0 -lpangoft2-1.0 -lpangocairo-1.0 -lgdk_pixbuf-2.0 -lcairo -lpango-1.0 -lfreetype -lfontconfig -lgobject-2.0 -lglib-2.0  '
INSTALL_DATA='${INSTALL} -m 644'
INSTALL_PROGRAM='${INSTALL}'
INSTALL_SCRIPT='${INSTALL}'
INSTALL_STRIP_PROGRAM='$(install_sh) -c -s'
LD='/usr/bin/ld -m elf_x86_64'
LDFLAGS=''
LIBOBJS=''
LIBS=''
LIBTOOL='$(SHELL) $(top_builddir)/libtool'
LIPO=''
LN_S='ln -s'
LTLIBOBJS=''
MAKEINFO='${SHELL} /home/evan/git/PlugMeeting/team2/build-aux/missing --run makeinfo'
MANIFEST_TOOL=':'
MKDIR_P='/usr/bin/mkdir -p'
NM='/usr/bin/nm -B'
NMEDIT=''
OBJDUMP='objdump'
OBJEXT='o'
OTOOL64=''
OTOOL=''
PACKAGE='project'
PACKAGE_BUGREPORT='name@domain.com'
PACKAGE_NAME='project'
PACKAGE_STRING='project 0.1'
PACKAGE_TARNAME='project'
PACKAGE_URL=''
PACKAGE_VERSION='0.1'
PATH_SEPARATOR=':'
PKG_CONFIG='/usr/bin/pkg-config'
RANLIB='ranlib'
SED='/usr/bin/sed'
SET_MAKE=''
SHELL='/bin/sh'
STRIP='strip'
VERSION='0.1'
ac_ct_AR='ar'
ac_ct_CC='gcc'
ac_ct_DUMPBIN=''
am__EXEEXT_FALSE=''
am__EXEEXT_TRUE='#'
am__fastdepCC_FALSE='#'
am__fastdepCC_TRUE=''
am__include='include'
am__isrc=''
am__leading_dot='.'
am__nodep='_no'
am__quote=''
am__tar='$${TAR-tar} chof - "$$tardir"'
am__untar='$${TAR-tar} xf -'
bindir='${exec_prefix}/bin'
build='x86_64-unknown-linux-gnu'
build_alias=''
build_cpu='x86_64'
build_os='linux-gnu'
build_vendor='unknown'
datadir='${datarootdir}'
datarootdir='${prefix}/share'
docdir='${datarootdir}/doc/${PACKAGE_TARNAME}'
dvidir='${docdir}'
exec_prefix='${prefix}'
host='x86_64-unknown-linux-gnu'
host_alias=''
host_cpu='x86_64'
host_os='linux-gnu'
host_vendor='unknown'
htmldir='${docdir}'
includedir='${prefix}/include'
infodir='${datarootdir}/info'
install_sh='${SHELL} /home/evan/git/PlugMeeting/team2/build-aux/install-sh'
libdir='${exec_prefix}/lib'
libexecdir='${exec_prefix}/libexec'
localedir='${datarootdir}/locale'
localstatedir='${prefix}/var'
mandir='${datarootdir}/man'
mkdir_p='$(MKDIR_P)'
oldincludedir='/usr/include'
pdfdir='${docdir}'
prefix='/usr/local'
program_transform_name='s,x,x,'
psdir='${docdir}'
sbindir='${exec_prefix}/sbin'
sharedstatedir='${prefix}/com'
sysconfdir='${prefix}/etc'
target_alias=''

## ----------- ##
## confdefs.h. ##
## ----------- ##

/* confdefs.h */
#define PACKAGE_NAME "project"
#define PACKAGE_TARNAME "project"
#define PACKAGE_VERSION "0.1"
#define PACKAGE_STRING "project 0.1"
#define PACKAGE_BUGREPORT "name@domain.com"
#define PACKAGE_URL ""
#define PACKAGE "project"
#define VERSION "0.1"
#define STDC_HEADERS 1
#define HAVE_SYS_TYPES_H 1
#define HAVE_SYS_STAT_H 1
#define HAVE_STDLIB_H 1
#define HAVE_STRING_H 1
#define HAVE_MEMORY_H 1
#define HAVE_STRINGS_H 1
#define HAVE_INTTYPES_H 1
#define HAVE_STDINT_H 1
#define HAVE_UNISTD_H 1
#define HAVE_DLFCN_H 1
#define LT_OBJDIR ".libs/"

configure: exit 0
